<?xml version="1.0" encoding="UTF-8"?>
<!-- Generated by org.testng.reporters.JUnitReportReporter -->
<testsuite hostname="DESKTOP-3R4E2QP" failures="0" tests="3" name="TestNG.Automation.TestAutomation" time="2.366" errors="0" timestamp="2022-11-30T22:06:08 EST" skipped="1">
  <testcase classname="TestNG.Automation.TestAutomation" name="testcase1" time="0.012"/>
  <system-out/>
  <testcase classname="TestNG.Automation.TestAutomation" name="testcase4" time="2.354"/>
  <system-out/>
  <testcase classname="TestNG.Automation.TestAutomation" name="testcase2">
    <skipped/>
  </testcase> <!-- testcase2 -->
  <system-out/>
</testsuite> <!-- TestNG.Automation.TestAutomation -->
