<?xml version="1.0" encoding="UTF-8"?>
<!-- Generated by org.testng.reporters.JUnitReportReporter -->
<testsuite hostname="DESKTOP-3R4E2QP" failures="0" tests="2" name="TestNG.Automation.Annotations" time="0.014" errors="0" timestamp="2022-11-30T20:56:42 EST" skipped="0">
  <testcase classname="TestNG.Automation.Annotations" name="testcase2" time="0.004"/>
  <system-out/>
  <testcase classname="TestNG.Automation.Annotations" name="testcase1" time="0.010"/>
  <system-out/>
</testsuite> <!-- TestNG.Automation.Annotations -->
